Using pre-set license
Built from '2020.3/staging' branch; Version is '2020.3.13f1 (71691879b7f5) revision 7432472'; Using compiler version '192528614'; Build Type 'Release'
OS: 'Windows 10 Pro; OS build 18363.1556; Version 1909; 64bit' Language: 'tr' Physical Memory: 8075 MB
BatchMode: 1, IsHumanControllingUs: 0, StartBugReporterOnCrash: 0, Is64bit: 1, IsPro: 0

 COMMAND LINE ARGUMENTS:
C:\Program Files\Unity\Hub\Editor\2020.3.13f1\Editor\Unity.exe
-adb2
-batchMode
-noUpm
-name
AssetImportWorker0
-projectPath
C:/Users/ayber/Desktop/WoofGameFinalProject/WoofGameFinalProject
-logFile
Logs/AssetImportWorker0.log
-srvPort
57222
Successfully changed project path to: C:/Users/ayber/Desktop/WoofGameFinalProject/WoofGameFinalProject
C:/Users/ayber/Desktop/WoofGameFinalProject/WoofGameFinalProject
Using Asset Import Pipeline V2.
Refreshing native plugins compatible for Editor in 104.98 ms, found 2 plugins.
Preloading 0 native plugins for Editor in 0.00 ms.
Initialize engine version: 2020.3.13f1 (71691879b7f5)
[Subsystems] Discovering subsystems at path C:/Program Files/Unity/Hub/Editor/2020.3.13f1/Editor/Data/Resources/UnitySubsystems
[Subsystems] Discovering subsystems at path C:/Users/ayber/Desktop/WoofGameFinalProject/WoofGameFinalProject/Assets
GfxDevice: creating device client; threaded=0
Direct3D:
    Version:  Direct3D 11.0 [level 11.0]
    Renderer: NVIDIA GeForce GTX 850M (ID=0x1391)
    Vendor:   
    VRAM:     2010 MB
    Driver:   27.21.14.5730
Initialize mono
Mono path[0] = 'C:/Program Files/Unity/Hub/Editor/2020.3.13f1/Editor/Data/Managed'
Mono path[1] = 'C:/Program Files/Unity/Hub/Editor/2020.3.13f1/Editor/Data/MonoBleedingEdge/lib/mono/unityjit'
Mono config path = 'C:/Program Files/Unity/Hub/Editor/2020.3.13f1/Editor/Data/MonoBleedingEdge/etc'
Using monoOptions --debugger-agent=transport=dt_socket,embedding=1,server=y,suspend=n,address=127.0.0.1:56056
Begin MonoManager ReloadAssembly
Registering precompiled unity dll's ...
Register platform support module: C:/Program Files/Unity/Hub/Editor/2020.3.13f1/Editor/Data/PlaybackEngines/WindowsStandaloneSupport/UnityEditor.WindowsStandalone.Extensions.dll
Registered in 0.003446 seconds.
Native extension for WindowsStandalone target not found
Refreshing native plugins compatible for Editor in 106.25 ms, found 2 plugins.
Preloading 0 native plugins for Editor in 0.00 ms.
Mono: successfully reloaded assembly
- Completed reload, in  4.621 seconds
Platform modules already initialized, skipping
Registering precompiled user dll's ...
Registered in 0.055925 seconds.
Begin MonoManager ReloadAssembly
Native extension for WindowsStandalone target not found
Refreshing native plugins compatible for Editor in 72.58 ms, found 2 plugins.
Preloading 0 native plugins for Editor in 0.00 ms.
Mono: successfully reloaded assembly
- Completed reload, in  2.230 seconds
Platform modules already initialized, skipping
========================================================================
Worker process is ready to serve import requests
Launched and connected shader compiler UnityShaderCompiler.exe after 0.12 seconds
Refreshing native plugins compatible for Editor in 1.19 ms, found 2 plugins.
Preloading 0 native plugins for Editor in 0.00 ms.
Unloading 1578 Unused Serialized files (Serialized files now loaded: 0)
System memory in use before: 86.7 MB.
System memory in use after: 86.8 MB.

Unloading 31 unused Assets to reduce memory usage. Loaded Objects now: 2019.
Total: 7.734400 ms (FindLiveObjects: 0.423400 ms CreateObjectMapping: 0.208400 ms MarkObjects: 6.971700 ms  DeleteObjects: 0.128000 ms)

AssetImportParameters requested are different than current active one (requested -> active):
  custom:framework-win-MediaFoundation: 216162199b28c13a410421893ffa2e32 -> 
  custom:video-decoder-ogg-theora: a1e56fd34408186e4bbccfd4996cb3dc -> 
  custom:container-muxer-webm: aa71ff27fc2769a1b78a27578f13a17b -> 
  custom:container-demuxer-webm: 4f35f7cbe854078d1ac9338744f61a02 -> 
  custom:container-demuxer-ogg: 62fdf1f143b41e24485cea50d1cbac27 -> 
  custom:video-encoder-webm-vp8: eb34c28f22e8b96e1ab97ce403110664 -> 
  custom:video-decoder-webm-vp8: 9c59270c3fd7afecdb556c50c9e8de78 -> 
  custom:audio-decoder-ogg-vorbis: bf7c407c2cedff20999df2af8eb42d56 -> 
  custom:audio-encoder-webm-vorbis: bf7c407c2cedff20999df2af8eb42d56 -> 
========================================================================
Received Import Request.
  path: Assets/PowerBarColors.png
  artifactKey: Guid(b8fb12cc6cea9fe49b631cd435a05131) Importer(815301076,1909f56bfc062723c751e8b465ee728b)
Start importing Assets/PowerBarColors.png using Guid(b8fb12cc6cea9fe49b631cd435a05131) Importer(815301076,1909f56bfc062723c751e8b465ee728b)  -> (artifact id: '62ab287d8fe3da08e92956e56ed37931') in 0.300068 seconds 
  Import took 0.314249 seconds .

========================================================================
Received Import Request.
  Time since last request: 25.547259 seconds.
  path: Assets/PowerBarColorBorder.png
  artifactKey: Guid(ef932dd0d9bade5448357dadc46fd2ab) Importer(815301076,1909f56bfc062723c751e8b465ee728b)
Start importing Assets/PowerBarColorBorder.png using Guid(ef932dd0d9bade5448357dadc46fd2ab) Importer(815301076,1909f56bfc062723c751e8b465ee728b)  -> (artifact id: 'ce5161f5dfea8460081bc9af86e5e4b7') in 0.044955 seconds 
  Import took 0.050868 seconds .

========================================================================
Received Import Request.
  Time since last request: 22.832238 seconds.
  path: Assets/PowerBarColorBorder.png
  artifactKey: Guid(ef932dd0d9bade5448357dadc46fd2ab) Importer(815301076,1909f56bfc062723c751e8b465ee728b)
Start importing Assets/PowerBarColorBorder.png using Guid(ef932dd0d9bade5448357dadc46fd2ab) Importer(815301076,1909f56bfc062723c751e8b465ee728b)  -> (artifact id: '5b09f6255da23039aafb8aa2f8cc33dd') in 0.040050 seconds 
  Import took 0.047034 seconds .

========================================================================
Received Prepare
Registering precompiled user dll's ...
Registered in 0.005262 seconds.
Begin MonoManager ReloadAssembly
Native extension for WindowsStandalone target not found
Refreshing native plugins compatible for Editor in 1.26 ms, found 2 plugins.
Preloading 0 native plugins for Editor in 0.00 ms.
Mono: successfully reloaded assembly
- Completed reload, in  3.766 seconds
Platform modules already initialized, skipping
Switching build target platform(19) subTarget(0) extendedPlatform(0) -> platform(13) subTarget(537395200) extendedPlatform(0)
Refreshing native plugins compatible for Editor in 0.95 ms, found 2 plugins.
Preloading 0 native plugins for Editor in 0.00 ms.
Unloading 1562 Unused Serialized files (Serialized files now loaded: 0)
System memory in use before: 87.8 MB.
System memory in use after: 87.9 MB.

Unloading 26 unused Assets to reduce memory usage. Loaded Objects now: 2029.
Total: 2.831700 ms (FindLiveObjects: 0.288700 ms CreateObjectMapping: 0.155200 ms MarkObjects: 2.360800 ms  DeleteObjects: 0.025200 ms)

AssetImportParameters requested are different than current active one (requested -> active):
  custom:framework-win-MediaFoundation: 216162199b28c13a410421893ffa2e32 -> 
  custom:video-decoder-ogg-theora: a1e56fd34408186e4bbccfd4996cb3dc -> 
  custom:container-muxer-webm: aa71ff27fc2769a1b78a27578f13a17b -> 
  custom:container-demuxer-webm: 4f35f7cbe854078d1ac9338744f61a02 -> 
  custom:container-demuxer-ogg: 62fdf1f143b41e24485cea50d1cbac27 -> 
  custom:video-encoder-webm-vp8: eb34c28f22e8b96e1ab97ce403110664 -> 
  custom:video-decoder-webm-vp8: 9c59270c3fd7afecdb556c50c9e8de78 -> 
  custom:graphics/normal-map-encoding: 01000000000000000000000000000000 -> 02000000000000000000000000000000
  custom:audio-decoder-ogg-vorbis: bf7c407c2cedff20999df2af8eb42d56 -> 
  custom:audio-encoder-webm-vorbis: bf7c407c2cedff20999df2af8eb42d56 -> 
